 Image infra-enroller Building 
 Image infra-portal Building 
 Image infra-frontend Building 
 Image infra-api-gateway Building 
 Image infra-collector Building 
 Image infra-notifier Building 
#1 [internal] load local bake definitions
#1 reading from stdin 2.69kB done
#1 DONE 0.0s

#2 [api-gateway internal] load build definition from Dockerfile
#2 transferring dockerfile: 284B done
#2 DONE 0.0s

#3 [enroller internal] load build definition from Dockerfile
#3 transferring dockerfile: 406B done
#3 DONE 0.1s

#4 [portal internal] load build definition from Dockerfile
#4 transferring dockerfile: 373B done
#4 DONE 0.1s

#5 [notifier internal] load build definition from Dockerfile
#5 transferring dockerfile: 308B done
#5 DONE 0.1s

#6 [frontend internal] load build definition from Dockerfile
#6 transferring dockerfile: 751B done
#6 DONE 0.1s

#7 [collector internal] load build definition from Dockerfile
#7 transferring dockerfile: 300B done
#7 DONE 0.1s

#8 [frontend internal] load metadata for docker.io/library/nginx:alpine
#8 DONE 0.6s

#9 [collector internal] load metadata for docker.io/library/python:3.12-slim
#9 DONE 0.7s

#10 [frontend internal] load metadata for docker.io/library/node:20-alpine
#10 DONE 0.6s

#11 [portal internal] load metadata for docker.io/library/golang:1.22-alpine
#11 DONE 0.7s

#12 [api-gateway internal] load .dockerignore
#12 transferring context: 2B done
#12 DONE 0.0s

#13 [notifier internal] load .dockerignore
#13 transferring context: 2B done
#13 DONE 0.1s

#14 [frontend internal] load .dockerignore
#14 transferring context: 2B done
#14 DONE 0.1s

#15 [collector internal] load .dockerignore
#15 transferring context: 2B done
#15 DONE 0.1s

#16 [enroller internal] load .dockerignore
#16 transferring context: 2B done
#16 DONE 0.1s

#17 [notifier internal] load build context
#17 transferring context: 270B done
#17 DONE 0.1s

#18 [portal internal] load .dockerignore
#18 transferring context: 2B done
#18 DONE 0.1s

#19 [enroller 1/5] FROM docker.io/library/python:3.12-slim@sha256:7026274c107626d7e940e0e5d6730481a4600ae95d5ca7eb532dd4180313fea9
#19 resolve docker.io/library/python:3.12-slim@sha256:7026274c107626d7e940e0e5d6730481a4600ae95d5ca7eb532dd4180313fea9 0.0s done
#19 DONE 0.0s

#20 [portal internal] load build context
#20 DONE 0.0s

#21 [api-gateway internal] load build context
#21 transferring context: 491B done
#21 DONE 0.1s

#22 [frontend builder 1/6] FROM docker.io/library/node:20-alpine@sha256:b88333c42c23fbd91596ebd7fd10de239cedab9617de04142dde7315e3bc0afa
#22 resolve docker.io/library/node:20-alpine@sha256:b88333c42c23fbd91596ebd7fd10de239cedab9617de04142dde7315e3bc0afa 0.1s done
#22 DONE 0.1s

#23 [collector internal] load build context
#23 transferring context: 159B done
#23 DONE 0.0s

#24 [frontend stage-1 1/4] FROM docker.io/library/nginx:alpine@sha256:f46cb72c7df02710e693e863a983ac42f6a9579058a59a35f1ae36c9958e4ce0
#24 resolve docker.io/library/nginx:alpine@sha256:f46cb72c7df02710e693e863a983ac42f6a9579058a59a35f1ae36c9958e4ce0 0.1s done
#24 DONE 0.1s

#25 [collector 3/5] COPY requirements.txt .
#25 CACHED

#26 [collector 4/5] RUN pip install --no-cache-dir -r requirements.txt
#26 CACHED

#27 [notifier 3/5] COPY requirements.txt .
#27 CACHED

#28 [notifier 4/5] RUN pip install --no-cache-dir -r requirements.txt
#28 CACHED

#29 [notifier 5/5] COPY app/ ./app/
#29 CACHED

#30 [notifier 2/5] WORKDIR /app
#30 CACHED

#31 [api-gateway 3/5] COPY requirements.txt .
#31 CACHED

#32 [api-gateway 4/5] RUN pip install --no-cache-dir -r requirements.txt
#32 CACHED

#33 [collector 5/5] COPY app/ ./app/
#33 CACHED

#34 [portal builder 1/6] FROM docker.io/library/golang:1.22-alpine@sha256:1699c10032ca2582ec89a24a1312d986a3f094aed3d5c1147b19880afe40e052
#34 resolve docker.io/library/golang:1.22-alpine@sha256:1699c10032ca2582ec89a24a1312d986a3f094aed3d5c1147b19880afe40e052 0.1s done
#34 DONE 0.1s

#35 [enroller internal] load build context
#35 transferring context: 265B done
#35 DONE 0.0s

#36 [api-gateway 5/5] COPY app/ ./app/
#36 CACHED

#37 [enroller 2/6] RUN apt-get update && apt-get install -y --no-install-recommends nmap && rm -rf /var/lib/apt/lists/*
#37 CACHED

#38 [enroller 4/6] COPY requirements.txt .
#38 CACHED

#39 [enroller 5/6] RUN pip install --no-cache-dir -r requirements.txt
#39 CACHED

#40 [enroller 3/6] WORKDIR /app
#40 CACHED

#41 [frontend internal] load build context
#41 transferring context: 2.02kB done
#41 DONE 0.1s

#20 [portal internal] load build context
#20 transferring context: 242B done
#20 DONE 0.0s

#42 [enroller 6/6] COPY app/ ./app/
#42 CACHED

#43 [enroller] exporting to image
#43 ...

#44 [frontend stage-1 2/4] COPY --from=builder /app/dist /usr/share/nginx/html
#44 CACHED

#45 [frontend builder 4/6] RUN npm install
#45 CACHED

#46 [frontend stage-1 3/4] COPY --from=builder /app/public/assets /usr/share/nginx/html/brand-assets
#46 CACHED

#47 [frontend builder 5/6] COPY . .
#47 CACHED

#48 [frontend builder 3/6] COPY package.json ./
#48 CACHED

#49 [frontend builder 2/6] WORKDIR /app
#49 CACHED

#50 [frontend builder 6/6] RUN npm run build
#50 CACHED

#51 [frontend stage-1 4/4] RUN printf 'server {\n  listen 5173;\n  root /usr/share/nginx/html;\n  index index.html;\n  include /etc/nginx/mime.types;\n  default_type application/octet-stream;\n  location /brand-assets/ { alias /usr/share/nginx/html/brand-assets/; }\n  location / { try_files $uri $uri/ /index.html; }\n}\n' > /etc/nginx/conf.d/default.conf
#51 CACHED

#52 [portal builder 2/6] WORKDIR /app
#52 CACHED

#53 [portal builder 4/6] COPY . .
#53 CACHED

#54 [portal stage-1 1/2] COPY --from=builder /app/portal /portal
#54 CACHED

#55 [portal builder 5/6] RUN go mod tidy && go mod download
#55 CACHED

#56 [portal builder 6/6] RUN CGO_ENABLED=0 GOOS=linux go build -ldflags="-w -s" -o portal .
#56 CACHED

#57 [portal builder 3/6] COPY go.mod ./
#57 CACHED

#58 [portal stage-1 2/2] COPY --from=builder /etc/ssl/certs/ca-certificates.crt /etc/ssl/certs/
#58 CACHED

#43 [enroller] exporting to image
#43 exporting layers done
#43 exporting manifest sha256:69f22ef78b6c00c991d90694cee2571f8c374aa6521ba6f2bb88880759942503 0.0s done
#43 exporting config sha256:f27e7e5d1973633344abe8992b6c8ac3aeab9cc8849c969f667a46ff8efd0391 0.0s done
#43 exporting attestation manifest sha256:dc68ddc3d72985598b01e10091c4ef7e618ed2c5b6430f9a1d5a816685ea9d3d
#43 ...

#59 [api-gateway] exporting to image
#59 exporting layers done
#59 exporting manifest sha256:7080c8d373b5c28cf9fc91235774a41a6eb2d87e5870a3c605645b91d5ba4a29 0.0s done
#59 exporting config sha256:b3e03638dce83db609b5b3e39ba96f53f12a929fba106b0b1409219cea48c45d 0.0s done
#59 exporting attestation manifest sha256:926c1a104f08aa0824a8d21a0c07f9cf04cb06e19fc59588c637c99ea65095e5 0.1s done
#59 exporting manifest list sha256:fbc8d7d22446779312b4b4561e1920ee685b046234b8ffdf38eced011104626c 0.1s done
#59 naming to docker.io/library/infra-api-gateway:latest 0.1s done
#59 unpacking to docker.io/library/infra-api-gateway:latest 0.1s done
#59 DONE 0.5s

#60 [notifier] exporting to image
#60 exporting layers done
#60 exporting manifest sha256:2d65298cd09c5d4d2c17f947b49b490e2434665540f2fbb72c7f0e2ebfe8bd75 0.0s done
#60 exporting config sha256:922b46c2a04442e3e3528708e66dd16eeded92834be175d8aae259517b4c5b6b 0.0s done
#60 exporting attestation manifest sha256:60627076e1e50241dda08009e51ac961745e5c730a8a866b0172280edf79706c 0.2s done
#60 exporting manifest list sha256:174adeba2d48346b1aaaa3f14d53670befef177551791d753f785b407a965d40 0.1s done
#60 naming to docker.io/library/infra-notifier:latest 0.0s done
#60 unpacking to docker.io/library/infra-notifier:latest 0.0s done
#60 DONE 0.6s

#61 [collector] exporting to image
#61 exporting layers done
#61 exporting manifest sha256:584c1bcc84e5b39c35d159b77f6539130d9136715c58c068edd5fbdf84afaf49 done
#61 exporting config sha256:d4a5148cd037fd2e470ab97d3c4e7f3f64a0c8cd9b3d6772088a25f0f226369f done
#61 exporting attestation manifest sha256:36e1c036e7c6a0d6aafed9325796a73e7da1ebd1046eefe44713d34c58db911f 0.2s done
#61 exporting manifest list sha256:c0ef0901741fa42d7dada29be5e354ab40a9e36741e823959f45ff15cbbf5935 0.1s done
#61 naming to docker.io/library/infra-collector:latest 0.0s done
#61 unpacking to docker.io/library/infra-collector:latest 0.0s done
#61 DONE 0.6s

#43 [enroller] exporting to image
#43 exporting attestation manifest sha256:dc68ddc3d72985598b01e10091c4ef7e618ed2c5b6430f9a1d5a816685ea9d3d 0.2s done
#43 exporting manifest list sha256:98b0f733a8c387d8a7d03d5eb58843e6b9486ee1d24fb514c94cb35e9f5a216c 0.1s done
#43 naming to docker.io/library/infra-enroller:latest
#43 naming to docker.io/library/infra-enroller:latest 0.1s done
#43 unpacking to docker.io/library/infra-enroller:latest
#43 unpacking to docker.io/library/infra-enroller:latest 0.1s done
#43 DONE 0.7s

#62 [portal] exporting to image
#62 exporting layers done
#62 exporting manifest sha256:d449fb8d2897387a816c730119990575dacedf375132147c637520a9cfde7c49 0.0s done
#62 exporting config sha256:fd2104fd199bcd0e802b2f82e7d46f907259a8fd1ccc362e3260ec941eac7f48 0.1s done
#62 exporting attestation manifest sha256:7f74c471eac7e5ecb55a40ba333c4d3cb9b8ab41fbd87959580adc0b9da1e374 0.2s done
#62 exporting manifest list sha256:55aa0db117ca1833f951549449557bc109d7283e48ca1505e0b83ac6eed99d81 0.1s done
#62 naming to docker.io/library/infra-portal:latest 0.0s done
#62 unpacking to docker.io/library/infra-portal:latest 0.0s done
#62 DONE 0.7s

#63 [frontend] exporting to image
#63 exporting layers done
#63 exporting manifest sha256:66e3dee0c1500400137c075ecde2e7e72778c10860980ed83d3ef38c9ec0577e 0.0s done
#63 exporting config sha256:9b9409b9817a194c3c2b252cecd534a071f8446aa63ead8d2951eeff3a3e6b08 0.0s done
#63 exporting attestation manifest sha256:f4d60d2d4944844d2ff08ed115795f28757efb566cd4e7943eca9b3382e891dd 0.2s done
#63 exporting manifest list sha256:4393b98665adb7226f563d1968d77a08c38c48f0548b6b10fffc8772a236fe17 0.1s done
#63 naming to docker.io/library/infra-frontend:latest 0.1s done
#63 unpacking to docker.io/library/infra-frontend:latest 0.0s done
#63 DONE 0.7s

#64 [api-gateway] resolving provenance for metadata file
#64 ...

#65 [notifier] resolving provenance for metadata file
#65 DONE 0.3s

#66 [collector] resolving provenance for metadata file
#66 DONE 0.1s

#67 [portal] resolving provenance for metadata file
#67 DONE 0.1s

#64 [api-gateway] resolving provenance for metadata file
#64 DONE 0.3s

#68 [enroller] resolving provenance for metadata file
#68 DONE 0.2s

#69 [frontend] resolving provenance for metadata file
#69 DONE 0.0s
 Image infra-collector Built 
 Image infra-frontend Built 
 Image infra-notifier Built 
 Image infra-api-gateway Built 
 Image infra-enroller Built 
 Image infra-portal Built 
